
--- Testing Retriever ---
Rewrite: 'uski power kya hai?' -> 'What are the powers, functions, and responsibilities of the Chief Technology Officer?'
Rewrite (Fresh): 'CTO powers' -> 'Chief Technology Officer powers, functions, and responsibilities'
Original Query: 'manager infra'
Rewritten Query: 'What are the roles, responsibilities, and powers of the Manager of Infrastructure?'
Retrieving for: 'What are the roles, responsibilities, and powers of the Manager of Infrastructure?'
[Retriever] Embedding query: 'What are the roles, responsibilities, and powers of the Manager of Infrastructure?'...
[Retriever] Embedding done. Shape: (1536,)
[Retriever] Searching FAISS with TOP_K=250...
[Retriever] Search done. Found 250 hits.
Result Result Type: <class 'dict'>
Has Evidence: True
Evidence Count: 234
First Doc: Compiled Working Paper_2nd Meeting PERA 03-07-2025.pdf
First Hit Text:  Strong Knowledge of Contract Management Appointment:
Appointment shall be made by the Director Gen...

--- Testing Answerer ---
Answering: 'manager infra'
Decision: answer
Answer: The **Manager Infrastructure & Networks** is a position in the IT & Communication Wing reporting to the Chief Technology Officer (CTO). The Manager Infrastructure & Networks is responsible for maximiz...
References: 6
